
main.elf:     file format elf32-avr

Sections:
Idx Name          Size      VMA       LMA       File off  Algn
  0 .data         00000000  00800100  0000018c  00000220  2**0
                  CONTENTS, ALLOC, LOAD, DATA
  1 .text         0000018c  00000000  00000000  00000094  2**1
                  CONTENTS, ALLOC, LOAD, READONLY, CODE
  2 .bss          00000002  00800100  00800100  00000220  2**0
                  ALLOC
  3 .comment      00000026  00000000  00000000  00000220  2**0
                  CONTENTS, READONLY
  4 .note.gnu.avr.deviceinfo 00000040  00000000  00000000  00000248  2**2
                  CONTENTS, READONLY, OCTETS
  5 .debug_aranges 00000040  00000000  00000000  00000288  2**3
                  CONTENTS, READONLY, DEBUGGING, OCTETS
  6 .debug_info   00000640  00000000  00000000  000002c8  2**0
                  CONTENTS, READONLY, DEBUGGING, OCTETS
  7 .debug_abbrev 000005ca  00000000  00000000  00000908  2**0
                  CONTENTS, READONLY, DEBUGGING, OCTETS
  8 .debug_line   00000103  00000000  00000000  00000ed2  2**0
                  CONTENTS, READONLY, DEBUGGING, OCTETS
  9 .debug_str    0000028e  00000000  00000000  00000fd5  2**0
                  CONTENTS, READONLY, DEBUGGING, OCTETS

Disassembly of section .text:

00000000 <__vectors>:
   0:	0c 94 34 00 	jmp	0x68	; 0x68 <__ctors_end>
   4:	0c 94 46 00 	jmp	0x8c	; 0x8c <__bad_interrupt>
   8:	0c 94 46 00 	jmp	0x8c	; 0x8c <__bad_interrupt>
   c:	0c 94 46 00 	jmp	0x8c	; 0x8c <__bad_interrupt>
  10:	0c 94 46 00 	jmp	0x8c	; 0x8c <__bad_interrupt>
  14:	0c 94 46 00 	jmp	0x8c	; 0x8c <__bad_interrupt>
  18:	0c 94 46 00 	jmp	0x8c	; 0x8c <__bad_interrupt>
  1c:	0c 94 46 00 	jmp	0x8c	; 0x8c <__bad_interrupt>
  20:	0c 94 46 00 	jmp	0x8c	; 0x8c <__bad_interrupt>
  24:	0c 94 46 00 	jmp	0x8c	; 0x8c <__bad_interrupt>
  28:	0c 94 46 00 	jmp	0x8c	; 0x8c <__bad_interrupt>
  2c:	0c 94 46 00 	jmp	0x8c	; 0x8c <__bad_interrupt>
  30:	0c 94 46 00 	jmp	0x8c	; 0x8c <__bad_interrupt>
  34:	0c 94 46 00 	jmp	0x8c	; 0x8c <__bad_interrupt>
  38:	0c 94 49 00 	jmp	0x92	; 0x92 <__vector_14>
  3c:	0c 94 46 00 	jmp	0x8c	; 0x8c <__bad_interrupt>
  40:	0c 94 46 00 	jmp	0x8c	; 0x8c <__bad_interrupt>
  44:	0c 94 46 00 	jmp	0x8c	; 0x8c <__bad_interrupt>
  48:	0c 94 46 00 	jmp	0x8c	; 0x8c <__bad_interrupt>
  4c:	0c 94 46 00 	jmp	0x8c	; 0x8c <__bad_interrupt>
  50:	0c 94 46 00 	jmp	0x8c	; 0x8c <__bad_interrupt>
  54:	0c 94 46 00 	jmp	0x8c	; 0x8c <__bad_interrupt>
  58:	0c 94 46 00 	jmp	0x8c	; 0x8c <__bad_interrupt>
  5c:	0c 94 46 00 	jmp	0x8c	; 0x8c <__bad_interrupt>
  60:	0c 94 46 00 	jmp	0x8c	; 0x8c <__bad_interrupt>
  64:	0c 94 46 00 	jmp	0x8c	; 0x8c <__bad_interrupt>

00000068 <__ctors_end>:
  68:	11 24       	eor	r1, r1
  6a:	1f be       	out	0x3f, r1	; 63
  6c:	cf ef       	ldi	r28, 0xFF	; 255
  6e:	d8 e0       	ldi	r29, 0x08	; 8
  70:	de bf       	out	0x3e, r29	; 62
  72:	cd bf       	out	0x3d, r28	; 61

00000074 <__do_clear_bss>:
  74:	21 e0       	ldi	r18, 0x01	; 1
  76:	a0 e0       	ldi	r26, 0x00	; 0
  78:	b1 e0       	ldi	r27, 0x01	; 1
  7a:	01 c0       	rjmp	.+2      	; 0x7e <.do_clear_bss_start>

0000007c <.do_clear_bss_loop>:
  7c:	1d 92       	st	X+, r1

0000007e <.do_clear_bss_start>:
  7e:	a2 30       	cpi	r26, 0x02	; 2
  80:	b2 07       	cpc	r27, r18
  82:	e1 f7       	brne	.-8      	; 0x7c <.do_clear_bss_loop>
  84:	0e 94 c3 00 	call	0x186	; 0x186 <main>
  88:	0c 94 c4 00 	jmp	0x188	; 0x188 <_exit>

0000008c <__bad_interrupt>:
  8c:	0c 94 00 00 	jmp	0	; 0x0 <__vectors>

00000090 <include1_h>:
  90:	08 95       	ret

00000092 <__vector_14>:
  92:	f8 94       	cli
  94:	2f 93       	push	r18
  96:	3f 93       	push	r19
  98:	8f 93       	push	r24
  9a:	9f 93       	push	r25
  9c:	80 91 00 01 	lds	r24, 0x0100	; 0x800100 <G_LINES>
  a0:	90 91 01 01 	lds	r25, 0x0101	; 0x800101 <G_LINES+0x1>
  a4:	01 96       	adiw	r24, 0x01	; 1
  a6:	8a 35       	cpi	r24, 0x5A	; 90
  a8:	22 e0       	ldi	r18, 0x02	; 2
  aa:	92 07       	cpc	r25, r18
  ac:	e0 f4       	brcc	.+56     	; 0xe6 <G_LINES_OVER_602>
  ae:	22 e0       	ldi	r18, 0x02	; 2
  b0:	31 e0       	ldi	r19, 0x01	; 1
  b2:	ed 91       	ld	r30, X+
  b4:	54 91       	lpm	r21, Z
  b6:	5b b9       	out	0x0b, r21	; 11
  b8:	35 b9       	out	0x05, r19	; 5
  ba:	25 b9       	out	0x05, r18	; 5
  bc:	ed 91       	ld	r30, X+
  be:	54 91       	lpm	r21, Z
  c0:	5b b9       	out	0x0b, r21	; 11
  c2:	35 b9       	out	0x05, r19	; 5
  c4:	25 b9       	out	0x05, r18	; 5
  c6:	ed 91       	ld	r30, X+
  c8:	54 91       	lpm	r21, Z
  ca:	5b b9       	out	0x0b, r21	; 11
  cc:	35 b9       	out	0x05, r19	; 5
  ce:	25 b9       	out	0x05, r18	; 5
  d0:	ed 91       	ld	r30, X+
  d2:	54 91       	lpm	r21, Z
  d4:	5b b9       	out	0x0b, r21	; 11
  d6:	35 b9       	out	0x05, r19	; 5
  d8:	25 b9       	out	0x05, r18	; 5
  da:	ed 91       	ld	r30, X+
  dc:	54 91       	lpm	r21, Z
  de:	5b b9       	out	0x0b, r21	; 11
  e0:	35 b9       	out	0x05, r19	; 5
  e2:	25 b9       	out	0x05, r18	; 5
  e4:	0b c0       	rjmp	.+22     	; 0xfc <TIMER0_EXIT>

000000e6 <G_LINES_OVER_602>:
  e6:	84 37       	cpi	r24, 0x74	; 116
  e8:	92 07       	cpc	r25, r18
  ea:	19 f4       	brne	.+6      	; 0xf2 <G_LINES_NOT_628>
  ec:	80 e0       	ldi	r24, 0x00	; 0
  ee:	90 e0       	ldi	r25, 0x00	; 0
  f0:	05 c0       	rjmp	.+10     	; 0xfc <TIMER0_EXIT>

000000f2 <G_LINES_NOT_628>:
  f2:	8d 35       	cpi	r24, 0x5D	; 93
  f4:	92 07       	cpc	r25, r18
  f6:	08 f4       	brcc	.+2      	; 0xfa <G_LINES_UNDER_605>
  f8:	01 c0       	rjmp	.+2      	; 0xfc <TIMER0_EXIT>

000000fa <G_LINES_UNDER_605>:
  fa:	00 c0       	rjmp	.+0      	; 0xfc <TIMER0_EXIT>

000000fc <TIMER0_EXIT>:
  fc:	90 93 01 01 	sts	0x0101, r25	; 0x800101 <G_LINES+0x1>
 100:	80 93 00 01 	sts	0x0100, r24	; 0x800100 <G_LINES>
 104:	9f 91       	pop	r25
 106:	8f 91       	pop	r24
 108:	3f 91       	pop	r19
 10a:	2f 91       	pop	r18
 10c:	78 94       	sei
 10e:	18 95       	reti

00000110 <setup>:
 110:	f8 94       	cli
 112:	0e 94 48 00 	call	0x90	; 0x90 <include1_h>
 116:	82 e0       	ldi	r24, 0x02	; 2
 118:	84 bd       	out	0x24, r24	; 36
 11a:	85 bd       	out	0x25, r24	; 37
 11c:	82 e4       	ldi	r24, 0x42	; 66
 11e:	90 e0       	ldi	r25, 0x00	; 0
 120:	90 93 89 00 	sts	0x0089, r25	; 0x800089 <__TEXT_REGION_LENGTH__+0x7e0089>
 124:	80 93 88 00 	sts	0x0088, r24	; 0x800088 <__TEXT_REGION_LENGTH__+0x7e0088>
 128:	ee e6       	ldi	r30, 0x6E	; 110
 12a:	f0 e0       	ldi	r31, 0x00	; 0
 12c:	80 81       	ld	r24, Z
 12e:	82 60       	ori	r24, 0x02	; 2
 130:	80 83       	st	Z, r24
 132:	78 94       	sei
 134:	08 95       	ret

00000136 <test>:
 136:	80 91 00 01 	lds	r24, 0x0100	; 0x800100 <G_LINES>
 13a:	90 91 01 01 	lds	r25, 0x0101	; 0x800101 <G_LINES+0x1>
 13e:	01 96       	adiw	r24, 0x01	; 1
 140:	8a 35       	cpi	r24, 0x5A	; 90
 142:	22 e0       	ldi	r18, 0x02	; 2
 144:	92 07       	cpc	r25, r18
 146:	78 f4       	brcc	.+30     	; 0x166 <.L3>
 148:	89 35       	cpi	r24, 0x59	; 89
 14a:	92 40       	sbci	r25, 0x02	; 2
 14c:	39 f4       	brne	.+14     	; 0x15c <.L4>
 14e:	81 e0       	ldi	r24, 0x01	; 1
 150:	90 e0       	ldi	r25, 0x00	; 0

00000152 <.L8>:
 152:	90 93 01 01 	sts	0x0101, r25	; 0x800101 <G_LINES+0x1>
 156:	80 93 00 01 	sts	0x0100, r24	; 0x800100 <G_LINES>
 15a:	08 95       	ret

0000015c <.L4>:
 15c:	10 92 01 01 	sts	0x0101, r1	; 0x800101 <G_LINES+0x1>
 160:	10 92 00 01 	sts	0x0100, r1	; 0x800100 <G_LINES>
 164:	08 95       	ret

00000166 <.L3>:
 166:	84 37       	cpi	r24, 0x74	; 116
 168:	22 e0       	ldi	r18, 0x02	; 2
 16a:	92 07       	cpc	r25, r18
 16c:	19 f4       	brne	.+6      	; 0x174 <.L6>
 16e:	84 e0       	ldi	r24, 0x04	; 4
 170:	90 e0       	ldi	r25, 0x00	; 0
 172:	ef cf       	rjmp	.-34     	; 0x152 <.L8>

00000174 <.L6>:
 174:	8d 35       	cpi	r24, 0x5D	; 93
 176:	92 40       	sbci	r25, 0x02	; 2
 178:	18 f4       	brcc	.+6      	; 0x180 <.L7>
 17a:	82 e0       	ldi	r24, 0x02	; 2
 17c:	90 e0       	ldi	r25, 0x00	; 0
 17e:	e9 cf       	rjmp	.-46     	; 0x152 <.L8>

00000180 <.L7>:
 180:	83 e0       	ldi	r24, 0x03	; 3
 182:	90 e0       	ldi	r25, 0x00	; 0
 184:	e6 cf       	rjmp	.-52     	; 0x152 <.L8>

00000186 <main>:
 186:	08 95       	ret

00000188 <_exit>:
 188:	f8 94       	cli

0000018a <__stop_program>:
 18a:	ff cf       	rjmp	.-2      	; 0x18a <__stop_program>
Contents of the .debug_aranges section (loaded from main.elf):

  Length:                   28
  Version:                  2
  Offset into .debug_info:  0x5f4
  Pointer Size:             4
  Segment Size:             0

    Address    Length
    00000188 00000004 
    00000000 00000000 
  Length:                   28
  Version:                  2
  Offset into .debug_info:  0x61a
  Pointer Size:             4
  Segment Size:             0

    Address    Length
    00000074 00000010 
    00000000 00000000 

Contents of the .debug_info section (loaded from main.elf):

  Compilation Unit @ offset 0x0:
   Length:        0x5f0 (32-bit)
   Version:       2
   Abbrev Offset: 0x0
   Pointer Size:  4
 <0><b>: Abbrev Number: 1 (DW_TAG_compile_unit)
    <c>   DW_AT_producer    : (indirect string, offset: 0x0): avr-libc 2.0.0
    <10>   DW_AT_stmt_list   : 0x0
 <1><14>: Abbrev Number: 2 (DW_TAG_base_type)
    <15>   DW_AT_name        : (indirect string, offset: 0xf): uint8_t
    <19>   DW_AT_byte_size   : 1
    <1a>   DW_AT_encoding    : 8	(unsigned char)
 <1><1b>: Abbrev Number: 3 (DW_TAG_base_type)
    <1c>   DW_AT_name        : (indirect string, offset: 0x17): uint16_t
    <20>   DW_AT_byte_size   : 2
    <21>   DW_AT_encoding    : 7	(unsigned)
 <1><22>: Abbrev Number: 4 (DW_TAG_array_type)
    <23>   DW_AT_type        : <0x14>
 <2><27>: Abbrev Number: 5 (DW_TAG_subrange_type)
    <28>   DW_AT_type        : <0x1b>
    <2c>   DW_AT_upper_bound : 1023
 <2><2e>: Abbrev Number: 0
 <1><2f>: Abbrev Number: 6 (DW_TAG_variable)
    <30>   DW_AT_name        : (indirect string, offset: 0x20): __eeprom
    <34>   DW_AT_decl_file   : 0
    <35>   DW_AT_decl_line   : 0
    <36>   DW_AT_type        : <0x22>
    <3a>   DW_AT_external    : 1
    <3b>   DW_AT_location    : 5 byte block: 3 0 0 81 0 	(DW_OP_addr: 810000)
 <1><41>: Abbrev Number: 7 (DW_TAG_variable)
    <42>   DW_AT_name        : (indirect string, offset: 0x29): UDR0
    <46>   DW_AT_decl_file   : 0
    <47>   DW_AT_decl_line   : 0
    <48>   DW_AT_type        : <0x14>
    <4c>   DW_AT_external    : 1
    <4d>   DW_AT_location    : 5 byte block: 3 c6 0 80 0 	(DW_OP_addr: 8000c6)
 <1><53>: Abbrev Number: 8 (DW_TAG_variable)
    <54>   DW_AT_name        : (indirect string, offset: 0x2e): UCSR0A
    <58>   DW_AT_decl_file   : 0
    <59>   DW_AT_decl_line   : 0
    <5a>   DW_AT_type        : <0x14>
    <5e>   DW_AT_external    : 1
    <5f>   DW_AT_location    : 5 byte block: 3 c0 0 80 0 	(DW_OP_addr: 8000c0)
 <1><65>: Abbrev Number: 9 (DW_TAG_variable)
    <66>   DW_AT_name        : (indirect string, offset: 0x35): UCSR0B
    <6a>   DW_AT_decl_file   : 0
    <6b>   DW_AT_decl_line   : 0
    <6c>   DW_AT_type        : <0x14>
    <70>   DW_AT_external    : 1
    <71>   DW_AT_location    : 5 byte block: 3 c1 0 80 0 	(DW_OP_addr: 8000c1)
 <1><77>: Abbrev Number: 10 (DW_TAG_variable)
    <78>   DW_AT_name        : (indirect string, offset: 0x3c): UCSR0C
    <7c>   DW_AT_decl_file   : 0
    <7d>   DW_AT_decl_line   : 0
    <7e>   DW_AT_type        : <0x14>
    <82>   DW_AT_external    : 1
    <83>   DW_AT_location    : 5 byte block: 3 c2 0 80 0 	(DW_OP_addr: 8000c2)
 <1><89>: Abbrev Number: 11 (DW_TAG_variable)
    <8a>   DW_AT_name        : (indirect string, offset: 0x43): UBRR0
    <8e>   DW_AT_decl_file   : 0
    <8f>   DW_AT_decl_line   : 0
    <90>   DW_AT_type        : <0x1b>
    <94>   DW_AT_external    : 1
    <95>   DW_AT_location    : 5 byte block: 3 c4 0 80 0 	(DW_OP_addr: 8000c4)
 <1><9b>: Abbrev Number: 12 (DW_TAG_variable)
    <9c>   DW_AT_name        : (indirect string, offset: 0x49): TWAMR
    <a0>   DW_AT_decl_file   : 0
    <a1>   DW_AT_decl_line   : 0
    <a2>   DW_AT_type        : <0x14>
    <a6>   DW_AT_external    : 1
    <a7>   DW_AT_location    : 5 byte block: 3 bd 0 80 0 	(DW_OP_addr: 8000bd)
 <1><ad>: Abbrev Number: 13 (DW_TAG_variable)
    <ae>   DW_AT_name        : (indirect string, offset: 0x4f): TWBR
    <b2>   DW_AT_decl_file   : 0
    <b3>   DW_AT_decl_line   : 0
    <b4>   DW_AT_type        : <0x14>
    <b8>   DW_AT_external    : 1
    <b9>   DW_AT_location    : 5 byte block: 3 b8 0 80 0 	(DW_OP_addr: 8000b8)
 <1><bf>: Abbrev Number: 14 (DW_TAG_variable)
    <c0>   DW_AT_name        : (indirect string, offset: 0x54): TWCR
    <c4>   DW_AT_decl_file   : 0
    <c5>   DW_AT_decl_line   : 0
    <c6>   DW_AT_type        : <0x14>
    <ca>   DW_AT_external    : 1
    <cb>   DW_AT_location    : 5 byte block: 3 bc 0 80 0 	(DW_OP_addr: 8000bc)
 <1><d1>: Abbrev Number: 15 (DW_TAG_variable)
    <d2>   DW_AT_name        : (indirect string, offset: 0x59): TWSR
    <d6>   DW_AT_decl_file   : 0
    <d7>   DW_AT_decl_line   : 0
    <d8>   DW_AT_type        : <0x14>
    <dc>   DW_AT_external    : 1
    <dd>   DW_AT_location    : 5 byte block: 3 b9 0 80 0 	(DW_OP_addr: 8000b9)
 <1><e3>: Abbrev Number: 16 (DW_TAG_variable)
    <e4>   DW_AT_name        : (indirect string, offset: 0x5e): TWDR
    <e8>   DW_AT_decl_file   : 0
    <e9>   DW_AT_decl_line   : 0
    <ea>   DW_AT_type        : <0x14>
    <ee>   DW_AT_external    : 1
    <ef>   DW_AT_location    : 5 byte block: 3 bb 0 80 0 	(DW_OP_addr: 8000bb)
 <1><f5>: Abbrev Number: 17 (DW_TAG_variable)
    <f6>   DW_AT_name        : (indirect string, offset: 0x63): TWAR
    <fa>   DW_AT_decl_file   : 0
    <fb>   DW_AT_decl_line   : 0
    <fc>   DW_AT_type        : <0x14>
    <100>   DW_AT_external    : 1
    <101>   DW_AT_location    : 5 byte block: 3 ba 0 80 0 	(DW_OP_addr: 8000ba)
 <1><107>: Abbrev Number: 18 (DW_TAG_variable)
    <108>   DW_AT_name        : (indirect string, offset: 0x68): TIMSK1
    <10c>   DW_AT_decl_file   : 0
    <10d>   DW_AT_decl_line   : 0
    <10e>   DW_AT_type        : <0x14>
    <112>   DW_AT_external    : 1
    <113>   DW_AT_location    : 5 byte block: 3 6f 0 80 0 	(DW_OP_addr: 80006f)
 <1><119>: Abbrev Number: 19 (DW_TAG_variable)
    <11a>   DW_AT_name        : (indirect string, offset: 0x6f): TIFR1
    <11e>   DW_AT_decl_file   : 0
    <11f>   DW_AT_decl_line   : 0
    <120>   DW_AT_type        : <0x14>
    <124>   DW_AT_external    : 1
    <125>   DW_AT_location    : 5 byte block: 3 36 0 80 0 	(DW_OP_addr: 800036)
 <1><12b>: Abbrev Number: 20 (DW_TAG_variable)
    <12c>   DW_AT_name        : (indirect string, offset: 0x75): TCCR1A
    <130>   DW_AT_decl_file   : 0
    <131>   DW_AT_decl_line   : 0
    <132>   DW_AT_type        : <0x14>
    <136>   DW_AT_external    : 1
    <137>   DW_AT_location    : 5 byte block: 3 80 0 80 0 	(DW_OP_addr: 800080)
 <1><13d>: Abbrev Number: 21 (DW_TAG_variable)
    <13e>   DW_AT_name        : (indirect string, offset: 0x7c): TCCR1B
    <142>   DW_AT_decl_file   : 0
    <143>   DW_AT_decl_line   : 0
    <144>   DW_AT_type        : <0x14>
    <148>   DW_AT_external    : 1
    <149>   DW_AT_location    : 5 byte block: 3 81 0 80 0 	(DW_OP_addr: 800081)
 <1><14f>: Abbrev Number: 22 (DW_TAG_variable)
    <150>   DW_AT_name        : (indirect string, offset: 0x83): TCCR1C
    <154>   DW_AT_decl_file   : 0
    <155>   DW_AT_decl_line   : 0
    <156>   DW_AT_type        : <0x14>
    <15a>   DW_AT_external    : 1
    <15b>   DW_AT_location    : 5 byte block: 3 82 0 80 0 	(DW_OP_addr: 800082)
 <1><161>: Abbrev Number: 23 (DW_TAG_variable)
    <162>   DW_AT_name        : (indirect string, offset: 0x8a): TCNT1
    <166>   DW_AT_decl_file   : 0
    <167>   DW_AT_decl_line   : 0
    <168>   DW_AT_type        : <0x1b>
    <16c>   DW_AT_external    : 1
    <16d>   DW_AT_location    : 5 byte block: 3 84 0 80 0 	(DW_OP_addr: 800084)
 <1><173>: Abbrev Number: 24 (DW_TAG_variable)
    <174>   DW_AT_name        : (indirect string, offset: 0x90): OCR1A
    <178>   DW_AT_decl_file   : 0
    <179>   DW_AT_decl_line   : 0
    <17a>   DW_AT_type        : <0x1b>
    <17e>   DW_AT_external    : 1
    <17f>   DW_AT_location    : 5 byte block: 3 88 0 80 0 	(DW_OP_addr: 800088)
 <1><185>: Abbrev Number: 25 (DW_TAG_variable)
    <186>   DW_AT_name        : (indirect string, offset: 0x96): OCR1B
    <18a>   DW_AT_decl_file   : 0
    <18b>   DW_AT_decl_line   : 0
    <18c>   DW_AT_type        : <0x1b>
    <190>   DW_AT_external    : 1
    <191>   DW_AT_location    : 5 byte block: 3 8a 0 80 0 	(DW_OP_addr: 80008a)
 <1><197>: Abbrev Number: 26 (DW_TAG_variable)
    <198>   DW_AT_name        : (indirect string, offset: 0x9c): ICR1
    <19c>   DW_AT_decl_file   : 0
    <19d>   DW_AT_decl_line   : 0
    <19e>   DW_AT_type        : <0x1b>
    <1a2>   DW_AT_external    : 1
    <1a3>   DW_AT_location    : 5 byte block: 3 86 0 80 0 	(DW_OP_addr: 800086)
 <1><1a9>: Abbrev Number: 27 (DW_TAG_variable)
    <1aa>   DW_AT_name        : (indirect string, offset: 0xa1): GTCCR
    <1ae>   DW_AT_decl_file   : 0
    <1af>   DW_AT_decl_line   : 0
    <1b0>   DW_AT_type        : <0x14>
    <1b4>   DW_AT_external    : 1
    <1b5>   DW_AT_location    : 5 byte block: 3 43 0 80 0 	(DW_OP_addr: 800043)
 <1><1bb>: Abbrev Number: 28 (DW_TAG_variable)
    <1bc>   DW_AT_name        : (indirect string, offset: 0xa7): TIMSK2
    <1c0>   DW_AT_decl_file   : 0
    <1c1>   DW_AT_decl_line   : 0
    <1c2>   DW_AT_type        : <0x14>
    <1c6>   DW_AT_external    : 1
    <1c7>   DW_AT_location    : 5 byte block: 3 70 0 80 0 	(DW_OP_addr: 800070)
 <1><1cd>: Abbrev Number: 29 (DW_TAG_variable)
    <1ce>   DW_AT_name        : (indirect string, offset: 0xae): TIFR2
    <1d2>   DW_AT_decl_file   : 0
    <1d3>   DW_AT_decl_line   : 0
    <1d4>   DW_AT_type        : <0x14>
    <1d8>   DW_AT_external    : 1
    <1d9>   DW_AT_location    : 5 byte block: 3 37 0 80 0 	(DW_OP_addr: 800037)
 <1><1df>: Abbrev Number: 30 (DW_TAG_variable)
    <1e0>   DW_AT_name        : (indirect string, offset: 0xb4): TCCR2A
    <1e4>   DW_AT_decl_file   : 0
    <1e5>   DW_AT_decl_line   : 0
    <1e6>   DW_AT_type        : <0x14>
    <1ea>   DW_AT_external    : 1
    <1eb>   DW_AT_location    : 5 byte block: 3 b0 0 80 0 	(DW_OP_addr: 8000b0)
 <1><1f1>: Abbrev Number: 31 (DW_TAG_variable)
    <1f2>   DW_AT_name        : (indirect string, offset: 0xbb): TCCR2B
    <1f6>   DW_AT_decl_file   : 0
    <1f7>   DW_AT_decl_line   : 0
    <1f8>   DW_AT_type        : <0x14>
    <1fc>   DW_AT_external    : 1
    <1fd>   DW_AT_location    : 5 byte block: 3 b1 0 80 0 	(DW_OP_addr: 8000b1)
 <1><203>: Abbrev Number: 32 (DW_TAG_variable)
    <204>   DW_AT_name        : (indirect string, offset: 0xc2): TCNT2
    <208>   DW_AT_decl_file   : 0
    <209>   DW_AT_decl_line   : 0
    <20a>   DW_AT_type        : <0x14>
    <20e>   DW_AT_external    : 1
    <20f>   DW_AT_location    : 5 byte block: 3 b2 0 80 0 	(DW_OP_addr: 8000b2)
 <1><215>: Abbrev Number: 33 (DW_TAG_variable)
    <216>   DW_AT_name        : (indirect string, offset: 0xc8): OCR2B
    <21a>   DW_AT_decl_file   : 0
    <21b>   DW_AT_decl_line   : 0
    <21c>   DW_AT_type        : <0x14>
    <220>   DW_AT_external    : 1
    <221>   DW_AT_location    : 5 byte block: 3 b4 0 80 0 	(DW_OP_addr: 8000b4)
 <1><227>: Abbrev Number: 34 (DW_TAG_variable)
    <228>   DW_AT_name        : (indirect string, offset: 0xce): OCR2A
    <22c>   DW_AT_decl_file   : 0
    <22d>   DW_AT_decl_line   : 0
    <22e>   DW_AT_type        : <0x14>
    <232>   DW_AT_external    : 1
    <233>   DW_AT_location    : 5 byte block: 3 b3 0 80 0 	(DW_OP_addr: 8000b3)
 <1><239>: Abbrev Number: 35 (DW_TAG_variable)
    <23a>   DW_AT_name        : (indirect string, offset: 0xd4): ASSR
    <23e>   DW_AT_decl_file   : 0
    <23f>   DW_AT_decl_line   : 0
    <240>   DW_AT_type        : <0x14>
    <244>   DW_AT_external    : 1
    <245>   DW_AT_location    : 5 byte block: 3 b6 0 80 0 	(DW_OP_addr: 8000b6)
 <1><24b>: Abbrev Number: 36 (DW_TAG_variable)
    <24c>   DW_AT_name        : (indirect string, offset: 0xd9): GTCCR
    <250>   DW_AT_decl_file   : 0
    <251>   DW_AT_decl_line   : 0
    <252>   DW_AT_type        : <0x14>
    <256>   DW_AT_external    : 1
    <257>   DW_AT_location    : 5 byte block: 3 43 0 80 0 	(DW_OP_addr: 800043)
 <1><25d>: Abbrev Number: 37 (DW_TAG_variable)
    <25e>   DW_AT_name        : (indirect string, offset: 0xdf): ADMUX
    <262>   DW_AT_decl_file   : 0
    <263>   DW_AT_decl_line   : 0
    <264>   DW_AT_type        : <0x14>
    <268>   DW_AT_external    : 1
    <269>   DW_AT_location    : 5 byte block: 3 7c 0 80 0 	(DW_OP_addr: 80007c)
 <1><26f>: Abbrev Number: 38 (DW_TAG_variable)
    <270>   DW_AT_name        : (indirect string, offset: 0xe5): ADC
    <274>   DW_AT_decl_file   : 0
    <275>   DW_AT_decl_line   : 0
    <276>   DW_AT_type        : <0x1b>
    <27a>   DW_AT_external    : 1
    <27b>   DW_AT_location    : 5 byte block: 3 78 0 80 0 	(DW_OP_addr: 800078)
 <1><281>: Abbrev Number: 39 (DW_TAG_variable)
    <282>   DW_AT_name        : (indirect string, offset: 0xe9): ADCSRA
    <286>   DW_AT_decl_file   : 0
    <287>   DW_AT_decl_line   : 0
    <288>   DW_AT_type        : <0x14>
    <28c>   DW_AT_external    : 1
    <28d>   DW_AT_location    : 5 byte block: 3 7a 0 80 0 	(DW_OP_addr: 80007a)
 <1><293>: Abbrev Number: 40 (DW_TAG_variable)
    <294>   DW_AT_name        : (indirect string, offset: 0xf0): ADCSRB
    <298>   DW_AT_decl_file   : 0
    <299>   DW_AT_decl_line   : 0
    <29a>   DW_AT_type        : <0x14>
    <29e>   DW_AT_external    : 1
    <29f>   DW_AT_location    : 5 byte block: 3 7b 0 80 0 	(DW_OP_addr: 80007b)
 <1><2a5>: Abbrev Number: 41 (DW_TAG_variable)
    <2a6>   DW_AT_name        : (indirect string, offset: 0xf7): DIDR0
    <2aa>   DW_AT_decl_file   : 0
    <2ab>   DW_AT_decl_line   : 0
    <2ac>   DW_AT_type        : <0x14>
    <2b0>   DW_AT_external    : 1
    <2b1>   DW_AT_location    : 5 byte block: 3 7e 0 80 0 	(DW_OP_addr: 80007e)
 <1><2b7>: Abbrev Number: 42 (DW_TAG_variable)
    <2b8>   DW_AT_name        : (indirect string, offset: 0xfd): ACSR
    <2bc>   DW_AT_decl_file   : 0
    <2bd>   DW_AT_decl_line   : 0
    <2be>   DW_AT_type        : <0x14>
    <2c2>   DW_AT_external    : 1
    <2c3>   DW_AT_location    : 5 byte block: 3 50 0 80 0 	(DW_OP_addr: 800050)
 <1><2c9>: Abbrev Number: 43 (DW_TAG_variable)
    <2ca>   DW_AT_name        : (indirect string, offset: 0x102): DIDR1
    <2ce>   DW_AT_decl_file   : 0
    <2cf>   DW_AT_decl_line   : 0
    <2d0>   DW_AT_type        : <0x14>
    <2d4>   DW_AT_external    : 1
    <2d5>   DW_AT_location    : 5 byte block: 3 7f 0 80 0 	(DW_OP_addr: 80007f)
 <1><2db>: Abbrev Number: 44 (DW_TAG_variable)
    <2dc>   DW_AT_name        : (indirect string, offset: 0x108): PORTB
    <2e0>   DW_AT_decl_file   : 0
    <2e1>   DW_AT_decl_line   : 0
    <2e2>   DW_AT_type        : <0x14>
    <2e6>   DW_AT_external    : 1
    <2e7>   DW_AT_location    : 5 byte block: 3 25 0 80 0 	(DW_OP_addr: 800025)
 <1><2ed>: Abbrev Number: 45 (DW_TAG_variable)
    <2ee>   DW_AT_name        : (indirect string, offset: 0x10e): DDRB
    <2f2>   DW_AT_decl_file   : 0
    <2f3>   DW_AT_decl_line   : 0
    <2f4>   DW_AT_type        : <0x14>
    <2f8>   DW_AT_external    : 1
    <2f9>   DW_AT_location    : 5 byte block: 3 24 0 80 0 	(DW_OP_addr: 800024)
 <1><2ff>: Abbrev Number: 46 (DW_TAG_variable)
    <300>   DW_AT_name        : (indirect string, offset: 0x113): PINB
    <304>   DW_AT_decl_file   : 0
    <305>   DW_AT_decl_line   : 0
    <306>   DW_AT_type        : <0x14>
    <30a>   DW_AT_external    : 1
    <30b>   DW_AT_location    : 5 byte block: 3 23 0 80 0 	(DW_OP_addr: 800023)
 <1><311>: Abbrev Number: 47 (DW_TAG_variable)
    <312>   DW_AT_name        : (indirect string, offset: 0x118): PORTC
    <316>   DW_AT_decl_file   : 0
    <317>   DW_AT_decl_line   : 0
    <318>   DW_AT_type        : <0x14>
    <31c>   DW_AT_external    : 1
    <31d>   DW_AT_location    : 5 byte block: 3 28 0 80 0 	(DW_OP_addr: 800028)
 <1><323>: Abbrev Number: 48 (DW_TAG_variable)
    <324>   DW_AT_name        : (indirect string, offset: 0x11e): DDRC
    <328>   DW_AT_decl_file   : 0
    <329>   DW_AT_decl_line   : 0
    <32a>   DW_AT_type        : <0x14>
    <32e>   DW_AT_external    : 1
    <32f>   DW_AT_location    : 5 byte block: 3 27 0 80 0 	(DW_OP_addr: 800027)
 <1><335>: Abbrev Number: 49 (DW_TAG_variable)
    <336>   DW_AT_name        : (indirect string, offset: 0x123): PINC
    <33a>   DW_AT_decl_file   : 0
    <33b>   DW_AT_decl_line   : 0
    <33c>   DW_AT_type        : <0x14>
    <340>   DW_AT_external    : 1
    <341>   DW_AT_location    : 5 byte block: 3 26 0 80 0 	(DW_OP_addr: 800026)
 <1><347>: Abbrev Number: 50 (DW_TAG_variable)
    <348>   DW_AT_name        : (indirect string, offset: 0x128): PORTD
    <34c>   DW_AT_decl_file   : 0
    <34d>   DW_AT_decl_line   : 0
    <34e>   DW_AT_type        : <0x14>
    <352>   DW_AT_external    : 1
    <353>   DW_AT_location    : 5 byte block: 3 2b 0 80 0 	(DW_OP_addr: 80002b)
 <1><359>: Abbrev Number: 51 (DW_TAG_variable)
    <35a>   DW_AT_name        : (indirect string, offset: 0x12e): DDRD
    <35e>   DW_AT_decl_file   : 0
    <35f>   DW_AT_decl_line   : 0
    <360>   DW_AT_type        : <0x14>
    <364>   DW_AT_external    : 1
    <365>   DW_AT_location    : 5 byte block: 3 2a 0 80 0 	(DW_OP_addr: 80002a)
 <1><36b>: Abbrev Number: 52 (DW_TAG_variable)
    <36c>   DW_AT_name        : (indirect string, offset: 0x133): PIND
    <370>   DW_AT_decl_file   : 0
    <371>   DW_AT_decl_line   : 0
    <372>   DW_AT_type        : <0x14>
    <376>   DW_AT_external    : 1
    <377>   DW_AT_location    : 5 byte block: 3 29 0 80 0 	(DW_OP_addr: 800029)
 <1><37d>: Abbrev Number: 53 (DW_TAG_variable)
    <37e>   DW_AT_name        : (indirect string, offset: 0x138): OCR0B
    <382>   DW_AT_decl_file   : 0
    <383>   DW_AT_decl_line   : 0
    <384>   DW_AT_type        : <0x14>
    <388>   DW_AT_external    : 1
    <389>   DW_AT_location    : 5 byte block: 3 48 0 80 0 	(DW_OP_addr: 800048)
 <1><38f>: Abbrev Number: 54 (DW_TAG_variable)
    <390>   DW_AT_name        : (indirect string, offset: 0x13e): OCR0A
    <394>   DW_AT_decl_file   : 0
    <395>   DW_AT_decl_line   : 0
    <396>   DW_AT_type        : <0x14>
    <39a>   DW_AT_external    : 1
    <39b>   DW_AT_location    : 5 byte block: 3 47 0 80 0 	(DW_OP_addr: 800047)
 <1><3a1>: Abbrev Number: 55 (DW_TAG_variable)
    <3a2>   DW_AT_name        : (indirect string, offset: 0x144): TCNT0
    <3a6>   DW_AT_decl_file   : 0
    <3a7>   DW_AT_decl_line   : 0
    <3a8>   DW_AT_type        : <0x14>
    <3ac>   DW_AT_external    : 1
    <3ad>   DW_AT_location    : 5 byte block: 3 46 0 80 0 	(DW_OP_addr: 800046)
 <1><3b3>: Abbrev Number: 56 (DW_TAG_variable)
    <3b4>   DW_AT_name        : (indirect string, offset: 0x14a): TCCR0B
    <3b8>   DW_AT_decl_file   : 0
    <3b9>   DW_AT_decl_line   : 0
    <3ba>   DW_AT_type        : <0x14>
    <3be>   DW_AT_external    : 1
    <3bf>   DW_AT_location    : 5 byte block: 3 45 0 80 0 	(DW_OP_addr: 800045)
 <1><3c5>: Abbrev Number: 57 (DW_TAG_variable)
    <3c6>   DW_AT_name        : (indirect string, offset: 0x151): TCCR0A
    <3ca>   DW_AT_decl_file   : 0
    <3cb>   DW_AT_decl_line   : 0
    <3cc>   DW_AT_type        : <0x14>
    <3d0>   DW_AT_external    : 1
    <3d1>   DW_AT_location    : 5 byte block: 3 44 0 80 0 	(DW_OP_addr: 800044)
 <1><3d7>: Abbrev Number: 58 (DW_TAG_variable)
    <3d8>   DW_AT_name        : (indirect string, offset: 0x158): TIMSK0
    <3dc>   DW_AT_decl_file   : 0
    <3dd>   DW_AT_decl_line   : 0
    <3de>   DW_AT_type        : <0x14>
    <3e2>   DW_AT_external    : 1
    <3e3>   DW_AT_location    : 5 byte block: 3 6e 0 80 0 	(DW_OP_addr: 80006e)
 <1><3e9>: Abbrev Number: 59 (DW_TAG_variable)
    <3ea>   DW_AT_name        : (indirect string, offset: 0x15f): TIFR0
    <3ee>   DW_AT_decl_file   : 0
    <3ef>   DW_AT_decl_line   : 0
    <3f0>   DW_AT_type        : <0x14>
    <3f4>   DW_AT_external    : 1
    <3f5>   DW_AT_location    : 5 byte block: 3 35 0 80 0 	(DW_OP_addr: 800035)
 <1><3fb>: Abbrev Number: 60 (DW_TAG_variable)
    <3fc>   DW_AT_name        : (indirect string, offset: 0x165): GTCCR
    <400>   DW_AT_decl_file   : 0
    <401>   DW_AT_decl_line   : 0
    <402>   DW_AT_type        : <0x14>
    <406>   DW_AT_external    : 1
    <407>   DW_AT_location    : 5 byte block: 3 43 0 80 0 	(DW_OP_addr: 800043)
 <1><40d>: Abbrev Number: 61 (DW_TAG_variable)
    <40e>   DW_AT_name        : (indirect string, offset: 0x16b): EICRA
    <412>   DW_AT_decl_file   : 0
    <413>   DW_AT_decl_line   : 0
    <414>   DW_AT_type        : <0x14>
    <418>   DW_AT_external    : 1
    <419>   DW_AT_location    : 5 byte block: 3 69 0 80 0 	(DW_OP_addr: 800069)
 <1><41f>: Abbrev Number: 62 (DW_TAG_variable)
    <420>   DW_AT_name        : (indirect string, offset: 0x171): EIMSK
    <424>   DW_AT_decl_file   : 0
    <425>   DW_AT_decl_line   : 0
    <426>   DW_AT_type        : <0x14>
    <42a>   DW_AT_external    : 1
    <42b>   DW_AT_location    : 5 byte block: 3 3d 0 80 0 	(DW_OP_addr: 80003d)
 <1><431>: Abbrev Number: 63 (DW_TAG_variable)
    <432>   DW_AT_name        : (indirect string, offset: 0x177): EIFR
    <436>   DW_AT_decl_file   : 0
    <437>   DW_AT_decl_line   : 0
    <438>   DW_AT_type        : <0x14>
    <43c>   DW_AT_external    : 1
    <43d>   DW_AT_location    : 5 byte block: 3 3c 0 80 0 	(DW_OP_addr: 80003c)
 <1><443>: Abbrev Number: 64 (DW_TAG_variable)
    <444>   DW_AT_name        : (indirect string, offset: 0x17c): PCICR
    <448>   DW_AT_decl_file   : 0
    <449>   DW_AT_decl_line   : 0
    <44a>   DW_AT_type        : <0x14>
    <44e>   DW_AT_external    : 1
    <44f>   DW_AT_location    : 5 byte block: 3 68 0 80 0 	(DW_OP_addr: 800068)
 <1><455>: Abbrev Number: 65 (DW_TAG_variable)
    <456>   DW_AT_name        : (indirect string, offset: 0x182): PCMSK2
    <45a>   DW_AT_decl_file   : 0
    <45b>   DW_AT_decl_line   : 0
    <45c>   DW_AT_type        : <0x14>
    <460>   DW_AT_external    : 1
    <461>   DW_AT_location    : 5 byte block: 3 6d 0 80 0 	(DW_OP_addr: 80006d)
 <1><467>: Abbrev Number: 66 (DW_TAG_variable)
    <468>   DW_AT_name        : (indirect string, offset: 0x189): PCMSK1
    <46c>   DW_AT_decl_file   : 0
    <46d>   DW_AT_decl_line   : 0
    <46e>   DW_AT_type        : <0x14>
    <472>   DW_AT_external    : 1
    <473>   DW_AT_location    : 5 byte block: 3 6c 0 80 0 	(DW_OP_addr: 80006c)
 <1><479>: Abbrev Number: 67 (DW_TAG_variable)
    <47a>   DW_AT_name        : (indirect string, offset: 0x190): PCMSK0
    <47e>   DW_AT_decl_file   : 0
    <47f>   DW_AT_decl_line   : 0
    <480>   DW_AT_type        : <0x14>
    <484>   DW_AT_external    : 1
    <485>   DW_AT_location    : 5 byte block: 3 6b 0 80 0 	(DW_OP_addr: 80006b)
 <1><48b>: Abbrev Number: 68 (DW_TAG_variable)
    <48c>   DW_AT_name        : (indirect string, offset: 0x197): PCIFR
    <490>   DW_AT_decl_file   : 0
    <491>   DW_AT_decl_line   : 0
    <492>   DW_AT_type        : <0x14>
    <496>   DW_AT_external    : 1
    <497>   DW_AT_location    : 5 byte block: 3 3b 0 80 0 	(DW_OP_addr: 80003b)
 <1><49d>: Abbrev Number: 69 (DW_TAG_variable)
    <49e>   DW_AT_name        : (indirect string, offset: 0x19d): SPDR
    <4a2>   DW_AT_decl_file   : 0
    <4a3>   DW_AT_decl_line   : 0
    <4a4>   DW_AT_type        : <0x14>
    <4a8>   DW_AT_external    : 1
    <4a9>   DW_AT_location    : 5 byte block: 3 4e 0 80 0 	(DW_OP_addr: 80004e)
 <1><4af>: Abbrev Number: 70 (DW_TAG_variable)
    <4b0>   DW_AT_name        : (indirect string, offset: 0x1a2): SPSR
    <4b4>   DW_AT_decl_file   : 0
    <4b5>   DW_AT_decl_line   : 0
    <4b6>   DW_AT_type        : <0x14>
    <4ba>   DW_AT_external    : 1
    <4bb>   DW_AT_location    : 5 byte block: 3 4d 0 80 0 	(DW_OP_addr: 80004d)
 <1><4c1>: Abbrev Number: 71 (DW_TAG_variable)
    <4c2>   DW_AT_name        : (indirect string, offset: 0x1a7): SPCR
    <4c6>   DW_AT_decl_file   : 0
    <4c7>   DW_AT_decl_line   : 0
    <4c8>   DW_AT_type        : <0x14>
    <4cc>   DW_AT_external    : 1
    <4cd>   DW_AT_location    : 5 byte block: 3 4c 0 80 0 	(DW_OP_addr: 80004c)
 <1><4d3>: Abbrev Number: 72 (DW_TAG_variable)
    <4d4>   DW_AT_name        : (indirect string, offset: 0x1ac): WDTCSR
    <4d8>   DW_AT_decl_file   : 0
    <4d9>   DW_AT_decl_line   : 0
    <4da>   DW_AT_type        : <0x14>
    <4de>   DW_AT_external    : 1
    <4df>   DW_AT_location    : 5 byte block: 3 60 0 80 0 	(DW_OP_addr: 800060)
 <1><4e5>: Abbrev Number: 73 (DW_TAG_variable)
    <4e6>   DW_AT_name        : (indirect string, offset: 0x1b3): PRR
    <4ea>   DW_AT_decl_file   : 0
    <4eb>   DW_AT_decl_line   : 0
    <4ec>   DW_AT_type        : <0x14>
    <4f0>   DW_AT_external    : 1
    <4f1>   DW_AT_location    : 5 byte block: 3 64 0 80 0 	(DW_OP_addr: 800064)
 <1><4f7>: Abbrev Number: 74 (DW_TAG_variable)
    <4f8>   DW_AT_name        : (indirect string, offset: 0x1b7): OSCCAL
    <4fc>   DW_AT_decl_file   : 0
    <4fd>   DW_AT_decl_line   : 0
    <4fe>   DW_AT_type        : <0x14>
    <502>   DW_AT_external    : 1
    <503>   DW_AT_location    : 5 byte block: 3 66 0 80 0 	(DW_OP_addr: 800066)
 <1><509>: Abbrev Number: 75 (DW_TAG_variable)
    <50a>   DW_AT_name        : (indirect string, offset: 0x1be): CLKPR
    <50e>   DW_AT_decl_file   : 0
    <50f>   DW_AT_decl_line   : 0
    <510>   DW_AT_type        : <0x14>
    <514>   DW_AT_external    : 1
    <515>   DW_AT_location    : 5 byte block: 3 61 0 80 0 	(DW_OP_addr: 800061)
 <1><51b>: Abbrev Number: 76 (DW_TAG_variable)
    <51c>   DW_AT_name        : (indirect string, offset: 0x1c4): SREG
    <520>   DW_AT_decl_file   : 0
    <521>   DW_AT_decl_line   : 0
    <522>   DW_AT_type        : <0x14>
    <526>   DW_AT_external    : 1
    <527>   DW_AT_location    : 5 byte block: 3 5f 0 80 0 	(DW_OP_addr: 80005f)
 <1><52d>: Abbrev Number: 77 (DW_TAG_variable)
    <52e>   DW_AT_name        : (indirect string, offset: 0x1c9): SP
    <532>   DW_AT_decl_file   : 0
    <533>   DW_AT_decl_line   : 0
    <534>   DW_AT_type        : <0x1b>
    <538>   DW_AT_external    : 1
    <539>   DW_AT_location    : 5 byte block: 3 5d 0 80 0 	(DW_OP_addr: 80005d)
 <1><53f>: Abbrev Number: 78 (DW_TAG_variable)
    <540>   DW_AT_name        : (indirect string, offset: 0x1cc): SPMCSR
    <544>   DW_AT_decl_file   : 0
    <545>   DW_AT_decl_line   : 0
    <546>   DW_AT_type        : <0x14>
    <54a>   DW_AT_external    : 1
    <54b>   DW_AT_location    : 5 byte block: 3 57 0 80 0 	(DW_OP_addr: 800057)
 <1><551>: Abbrev Number: 79 (DW_TAG_variable)
    <552>   DW_AT_name        : (indirect string, offset: 0x1d3): MCUCR
    <556>   DW_AT_decl_file   : 0
    <557>   DW_AT_decl_line   : 0
    <558>   DW_AT_type        : <0x14>
    <55c>   DW_AT_external    : 1
    <55d>   DW_AT_location    : 5 byte block: 3 55 0 80 0 	(DW_OP_addr: 800055)
 <1><563>: Abbrev Number: 80 (DW_TAG_variable)
    <564>   DW_AT_name        : (indirect string, offset: 0x1d9): MCUSR
    <568>   DW_AT_decl_file   : 0
    <569>   DW_AT_decl_line   : 0
    <56a>   DW_AT_type        : <0x14>
    <56e>   DW_AT_external    : 1
    <56f>   DW_AT_location    : 5 byte block: 3 54 0 80 0 	(DW_OP_addr: 800054)
 <1><575>: Abbrev Number: 81 (DW_TAG_variable)
    <576>   DW_AT_name        : (indirect string, offset: 0x1df): SMCR
    <57a>   DW_AT_decl_file   : 0
    <57b>   DW_AT_decl_line   : 0
    <57c>   DW_AT_type        : <0x14>
    <580>   DW_AT_external    : 1
    <581>   DW_AT_location    : 5 byte block: 3 53 0 80 0 	(DW_OP_addr: 800053)
 <1><587>: Abbrev Number: 82 (DW_TAG_variable)
    <588>   DW_AT_name        : (indirect string, offset: 0x1e4): GPIOR2
    <58c>   DW_AT_decl_file   : 0
    <58d>   DW_AT_decl_line   : 0
    <58e>   DW_AT_type        : <0x14>
    <592>   DW_AT_external    : 1
    <593>   DW_AT_location    : 5 byte block: 3 4b 0 80 0 	(DW_OP_addr: 80004b)
 <1><599>: Abbrev Number: 83 (DW_TAG_variable)
    <59a>   DW_AT_name        : (indirect string, offset: 0x1eb): GPIOR1
    <59e>   DW_AT_decl_file   : 0
    <59f>   DW_AT_decl_line   : 0
    <5a0>   DW_AT_type        : <0x14>
    <5a4>   DW_AT_external    : 1
    <5a5>   DW_AT_location    : 5 byte block: 3 4a 0 80 0 	(DW_OP_addr: 80004a)
 <1><5ab>: Abbrev Number: 84 (DW_TAG_variable)
    <5ac>   DW_AT_name        : (indirect string, offset: 0x1f2): GPIOR0
    <5b0>   DW_AT_decl_file   : 0
    <5b1>   DW_AT_decl_line   : 0
    <5b2>   DW_AT_type        : <0x14>
    <5b6>   DW_AT_external    : 1
    <5b7>   DW_AT_location    : 5 byte block: 3 3e 0 80 0 	(DW_OP_addr: 80003e)
 <1><5bd>: Abbrev Number: 85 (DW_TAG_variable)
    <5be>   DW_AT_name        : (indirect string, offset: 0x1f9): EEAR
    <5c2>   DW_AT_decl_file   : 0
    <5c3>   DW_AT_decl_line   : 0
    <5c4>   DW_AT_type        : <0x1b>
    <5c8>   DW_AT_external    : 1
    <5c9>   DW_AT_location    : 5 byte block: 3 41 0 80 0 	(DW_OP_addr: 800041)
 <1><5cf>: Abbrev Number: 86 (DW_TAG_variable)
    <5d0>   DW_AT_name        : (indirect string, offset: 0x1fe): EEDR
    <5d4>   DW_AT_decl_file   : 0
    <5d5>   DW_AT_decl_line   : 0
    <5d6>   DW_AT_type        : <0x14>
    <5da>   DW_AT_external    : 1
    <5db>   DW_AT_location    : 5 byte block: 3 40 0 80 0 	(DW_OP_addr: 800040)
 <1><5e1>: Abbrev Number: 87 (DW_TAG_variable)
    <5e2>   DW_AT_name        : (indirect string, offset: 0x203): EECR
    <5e6>   DW_AT_decl_file   : 0
    <5e7>   DW_AT_decl_line   : 0
    <5e8>   DW_AT_type        : <0x14>
    <5ec>   DW_AT_external    : 1
    <5ed>   DW_AT_location    : 5 byte block: 3 3f 0 80 0 	(DW_OP_addr: 80003f)
 <1><5f3>: Abbrev Number: 0
  Compilation Unit @ offset 0x5f4:
   Length:        0x22 (32-bit)
   Version:       2
   Abbrev Offset: 0x5a2
   Pointer Size:  4
 <0><5ff>: Abbrev Number: 1 (DW_TAG_compile_unit)
    <600>   DW_AT_stmt_list   : 0x1d
    <604>   DW_AT_low_pc      : 0x188
    <608>   DW_AT_high_pc     : 0x18c
    <60c>   DW_AT_name        : (indirect string, offset: 0x208): ../../../../libgcc/config/avr/lib1funcs.S
    <610>   DW_AT_comp_dir    : (indirect string, offset: 0x232): /private/tmp/avr-gccA9-20220112-91111-1jyadpc/gcc-9.3.0/build/avr/avr5/libgcc
    <614>   DW_AT_producer    : (indirect string, offset: 0x280): GNU AS 2.36.1
    <618>   DW_AT_language    : 32769	(MIPS assembler)
  Compilation Unit @ offset 0x61a:
   Length:        0x22 (32-bit)
   Version:       2
   Abbrev Offset: 0x5b6
   Pointer Size:  4
 <0><625>: Abbrev Number: 1 (DW_TAG_compile_unit)
    <626>   DW_AT_stmt_list   : 0x7e
    <62a>   DW_AT_low_pc      : 0x74
    <62e>   DW_AT_high_pc     : 0x84
    <632>   DW_AT_name        : (indirect string, offset: 0x208): ../../../../libgcc/config/avr/lib1funcs.S
    <636>   DW_AT_comp_dir    : (indirect string, offset: 0x232): /private/tmp/avr-gccA9-20220112-91111-1jyadpc/gcc-9.3.0/build/avr/avr5/libgcc
    <63a>   DW_AT_producer    : (indirect string, offset: 0x280): GNU AS 2.36.1
    <63e>   DW_AT_language    : 32769	(MIPS assembler)

Contents of the .debug_abbrev section (loaded from main.elf):

  Number TAG (0x0)
   1      DW_TAG_compile_unit    [has children]
    DW_AT_producer     DW_FORM_strp
    DW_AT_stmt_list    DW_FORM_data4
    DW_AT value: 0     DW_FORM value: 0
   2      DW_TAG_base_type    [no children]
    DW_AT_name         DW_FORM_strp
    DW_AT_byte_size    DW_FORM_data1
    DW_AT_encoding     DW_FORM_data1
    DW_AT value: 0     DW_FORM value: 0
   3      DW_TAG_base_type    [no children]
    DW_AT_name         DW_FORM_strp
    DW_AT_byte_size    DW_FORM_data1
    DW_AT_encoding     DW_FORM_data1
    DW_AT value: 0     DW_FORM value: 0
   4      DW_TAG_array_type    [has children]
    DW_AT_type         DW_FORM_ref4
    DW_AT value: 0     DW_FORM value: 0
   5      DW_TAG_subrange_type    [no children]
    DW_AT_type         DW_FORM_ref4
    DW_AT_upper_bound  DW_FORM_data2
    DW_AT value: 0     DW_FORM value: 0
   6      DW_TAG_variable    [no children]
    DW_AT_name         DW_FORM_strp
    DW_AT_decl_file    DW_FORM_data1
    DW_AT_decl_line    DW_FORM_data1
    DW_AT_type         DW_FORM_ref4
    DW_AT_external     DW_FORM_flag
    DW_AT_location     DW_FORM_block1
    DW_AT value: 0     DW_FORM value: 0
   7      DW_TAG_variable    [no children]
    DW_AT_name         DW_FORM_strp
    DW_AT_decl_file    DW_FORM_data1
    DW_AT_decl_line    DW_FORM_data1
    DW_AT_type         DW_FORM_ref4
    DW_AT_external     DW_FORM_flag
    DW_AT_location     DW_FORM_block1
    DW_AT value: 0     DW_FORM value: 0
   8      DW_TAG_variable    [no children]
    DW_AT_name         DW_FORM_strp
    DW_AT_decl_file    DW_FORM_data1
    DW_AT_decl_line    DW_FORM_data1
    DW_AT_type         DW_FORM_ref4
    DW_AT_external     DW_FORM_flag
    DW_AT_location     DW_FORM_block1
    DW_AT value: 0     DW_FORM value: 0
   9      DW_TAG_variable    [no children]
    DW_AT_name         DW_FORM_strp
    DW_AT_decl_file    DW_FORM_data1
    DW_AT_decl_line    DW_FORM_data1
    DW_AT_type         DW_FORM_ref4
    DW_AT_external     DW_FORM_flag
    DW_AT_location     DW_FORM_block1
    DW_AT value: 0     DW_FORM value: 0
   10      DW_TAG_variable    [no children]
    DW_AT_name         DW_FORM_strp
    DW_AT_decl_file    DW_FORM_data1
    DW_AT_decl_line    DW_FORM_data1
    DW_AT_type         DW_FORM_ref4
    DW_AT_external     DW_FORM_flag
    DW_AT_location     DW_FORM_block1
    DW_AT value: 0     DW_FORM value: 0
   11      DW_TAG_variable    [no children]
    DW_AT_name         DW_FORM_strp
    DW_AT_decl_file    DW_FORM_data1
    DW_AT_decl_line    DW_FORM_data1
    DW_AT_type         DW_FORM_ref4
    DW_AT_external     DW_FORM_flag
    DW_AT_location     DW_FORM_block1
    DW_AT value: 0     DW_FORM value: 0
   12      DW_TAG_variable    [no children]
    DW_AT_name         DW_FORM_strp
    DW_AT_decl_file    DW_FORM_data1
    DW_AT_decl_line    DW_FORM_data1
    DW_AT_type         DW_FORM_ref4
    DW_AT_external     DW_FORM_flag
    DW_AT_location     DW_FORM_block1
    DW_AT value: 0     DW_FORM value: 0
   13      DW_TAG_variable    [no children]
    DW_AT_name         DW_FORM_strp
    DW_AT_decl_file    DW_FORM_data1
    DW_AT_decl_line    DW_FORM_data1
    DW_AT_type         DW_FORM_ref4
    DW_AT_external     DW_FORM_flag
    DW_AT_location     DW_FORM_block1
    DW_AT value: 0     DW_FORM value: 0
   14      DW_TAG_variable    [no children]
    DW_AT_name         DW_FORM_strp
    DW_AT_decl_file    DW_FORM_data1
    DW_AT_decl_line    DW_FORM_data1
    DW_AT_type         DW_FORM_ref4
    DW_AT_external     DW_FORM_flag
    DW_AT_location     DW_FORM_block1
    DW_AT value: 0     DW_FORM value: 0
   15      DW_TAG_variable    [no children]
    DW_AT_name         DW_FORM_strp
    DW_AT_decl_file    DW_FORM_data1
    DW_AT_decl_line    DW_FORM_data1
    DW_AT_type         DW_FORM_ref4
    DW_AT_external     DW_FORM_flag
    DW_AT_location     DW_FORM_block1
    DW_AT value: 0     DW_FORM value: 0
   16      DW_TAG_variable    [no children]
    DW_AT_name         DW_FORM_strp
    DW_AT_decl_file    DW_FORM_data1
    DW_AT_decl_line    DW_FORM_data1
    DW_AT_type         DW_FORM_ref4
    DW_AT_external     DW_FORM_flag
    DW_AT_location     DW_FORM_block1
    DW_AT value: 0     DW_FORM value: 0
   17      DW_TAG_variable    [no children]
    DW_AT_name         DW_FORM_strp
    DW_AT_decl_file    DW_FORM_data1
    DW_AT_decl_line    DW_FORM_data1
    DW_AT_type         DW_FORM_ref4
    DW_AT_external     DW_FORM_flag
    DW_AT_location     DW_FORM_block1
    DW_AT value: 0     DW_FORM value: 0
   18      DW_TAG_variable    [no children]
    DW_AT_name         DW_FORM_strp
    DW_AT_decl_file    DW_FORM_data1
    DW_AT_decl_line    DW_FORM_data1
    DW_AT_type         DW_FORM_ref4
    DW_AT_external     DW_FORM_flag
    DW_AT_location     DW_FORM_block1
    DW_AT value: 0     DW_FORM value: 0
   19      DW_TAG_variable    [no children]
    DW_AT_name         DW_FORM_strp
    DW_AT_decl_file    DW_FORM_data1
    DW_AT_decl_line    DW_FORM_data1
    DW_AT_type         DW_FORM_ref4
    DW_AT_external     DW_FORM_flag
    DW_AT_location     DW_FORM_block1
    DW_AT value: 0     DW_FORM value: 0
   20      DW_TAG_variable    [no children]
    DW_AT_name         DW_FORM_strp
    DW_AT_decl_file    DW_FORM_data1
    DW_AT_decl_line    DW_FORM_data1
    DW_AT_type         DW_FORM_ref4
    DW_AT_external     DW_FORM_flag
    DW_AT_location     DW_FORM_block1
    DW_AT value: 0     DW_FORM value: 0
   21      DW_TAG_variable    [no children]
    DW_AT_name         DW_FORM_strp
    DW_AT_decl_file    DW_FORM_data1
    DW_AT_decl_line    DW_FORM_data1
    DW_AT_type         DW_FORM_ref4
    DW_AT_external     DW_FORM_flag
    DW_AT_location     DW_FORM_block1
    DW_AT value: 0     DW_FORM value: 0
   22      DW_TAG_variable    [no children]
    DW_AT_name         DW_FORM_strp
    DW_AT_decl_file    DW_FORM_data1
    DW_AT_decl_line    DW_FORM_data1
    DW_AT_type         DW_FORM_ref4
    DW_AT_external     DW_FORM_flag
    DW_AT_location     DW_FORM_block1
    DW_AT value: 0     DW_FORM value: 0
   23      DW_TAG_variable    [no children]
    DW_AT_name         DW_FORM_strp
    DW_AT_decl_file    DW_FORM_data1
    DW_AT_decl_line    DW_FORM_data1
    DW_AT_type         DW_FORM_ref4
    DW_AT_external     DW_FORM_flag
    DW_AT_location     DW_FORM_block1
    DW_AT value: 0     DW_FORM value: 0
   24      DW_TAG_variable    [no children]
    DW_AT_name         DW_FORM_strp
    DW_AT_decl_file    DW_FORM_data1
    DW_AT_decl_line    DW_FORM_data1
    DW_AT_type         DW_FORM_ref4
    DW_AT_external     DW_FORM_flag
    DW_AT_location     DW_FORM_block1
    DW_AT value: 0     DW_FORM value: 0
   25      DW_TAG_variable    [no children]
    DW_AT_name         DW_FORM_strp
    DW_AT_decl_file    DW_FORM_data1
    DW_AT_decl_line    DW_FORM_data1
    DW_AT_type         DW_FORM_ref4
    DW_AT_external     DW_FORM_flag
    DW_AT_location     DW_FORM_block1
    DW_AT value: 0     DW_FORM value: 0
   26      DW_TAG_variable    [no children]
    DW_AT_name         DW_FORM_strp
    DW_AT_decl_file    DW_FORM_data1
    DW_AT_decl_line    DW_FORM_data1
    DW_AT_type         DW_FORM_ref4
    DW_AT_external     DW_FORM_flag
    DW_AT_location     DW_FORM_block1
    DW_AT value: 0     DW_FORM value: 0
   27      DW_TAG_variable    [no children]
    DW_AT_name         DW_FORM_strp
    DW_AT_decl_file    DW_FORM_data1
    DW_AT_decl_line    DW_FORM_data1
    DW_AT_type         DW_FORM_ref4
    DW_AT_external     DW_FORM_flag
    DW_AT_location     DW_FORM_block1
    DW_AT value: 0     DW_FORM value: 0
   28      DW_TAG_variable    [no children]
    DW_AT_name         DW_FORM_strp
    DW_AT_decl_file    DW_FORM_data1
    DW_AT_decl_line    DW_FORM_data1
    DW_AT_type         DW_FORM_ref4
    DW_AT_external     DW_FORM_flag
    DW_AT_location     DW_FORM_block1
    DW_AT value: 0     DW_FORM value: 0
   29      DW_TAG_variable    [no children]
    DW_AT_name         DW_FORM_strp
    DW_AT_decl_file    DW_FORM_data1
    DW_AT_decl_line    DW_FORM_data1
    DW_AT_type         DW_FORM_ref4
    DW_AT_external     DW_FORM_flag
    DW_AT_location     DW_FORM_block1
    DW_AT value: 0     DW_FORM value: 0
   30      DW_TAG_variable    [no children]
    DW_AT_name         DW_FORM_strp
    DW_AT_decl_file    DW_FORM_data1
    DW_AT_decl_line    DW_FORM_data1
    DW_AT_type         DW_FORM_ref4
    DW_AT_external     DW_FORM_flag
    DW_AT_location     DW_FORM_block1
    DW_AT value: 0     DW_FORM value: 0
   31      DW_TAG_variable    [no children]
    DW_AT_name         DW_FORM_strp
    DW_AT_decl_file    DW_FORM_data1
    DW_AT_decl_line    DW_FORM_data1
    DW_AT_type         DW_FORM_ref4
    DW_AT_external     DW_FORM_flag
    DW_AT_location     DW_FORM_block1
    DW_AT value: 0     DW_FORM value: 0
   32      DW_TAG_variable    [no children]
    DW_AT_name         DW_FORM_strp
    DW_AT_decl_file    DW_FORM_data1
    DW_AT_decl_line    DW_FORM_data1
    DW_AT_type         DW_FORM_ref4
    DW_AT_external     DW_FORM_flag
    DW_AT_location     DW_FORM_block1
    DW_AT value: 0     DW_FORM value: 0
   33      DW_TAG_variable    [no children]
    DW_AT_name         DW_FORM_strp
    DW_AT_decl_file    DW_FORM_data1
    DW_AT_decl_line    DW_FORM_data1
    DW_AT_type         DW_FORM_ref4
    DW_AT_external     DW_FORM_flag
    DW_AT_location     DW_FORM_block1
    DW_AT value: 0     DW_FORM value: 0
   34      DW_TAG_variable    [no children]
    DW_AT_name         DW_FORM_strp
    DW_AT_decl_file    DW_FORM_data1
    DW_AT_decl_line    DW_FORM_data1
    DW_AT_type         DW_FORM_ref4
    DW_AT_external     DW_FORM_flag
    DW_AT_location     DW_FORM_block1
    DW_AT value: 0     DW_FORM value: 0
   35      DW_TAG_variable    [no children]
    DW_AT_name         DW_FORM_strp
    DW_AT_decl_file    DW_FORM_data1
    DW_AT_decl_line    DW_FORM_data1
    DW_AT_type         DW_FORM_ref4
    DW_AT_external     DW_FORM_flag
    DW_AT_location     DW_FORM_block1
    DW_AT value: 0     DW_FORM value: 0
   36      DW_TAG_variable    [no children]
    DW_AT_name         DW_FORM_strp
    DW_AT_decl_file    DW_FORM_data1
    DW_AT_decl_line    DW_FORM_data1
    DW_AT_type         DW_FORM_ref4
    DW_AT_external     DW_FORM_flag
    DW_AT_location     DW_FORM_block1
    DW_AT value: 0     DW_FORM value: 0
   37      DW_TAG_variable    [no children]
    DW_AT_name         DW_FORM_strp
    DW_AT_decl_file    DW_FORM_data1
    DW_AT_decl_line    DW_FORM_data1
    DW_AT_type         DW_FORM_ref4
    DW_AT_external     DW_FORM_flag
    DW_AT_location     DW_FORM_block1
    DW_AT value: 0     DW_FORM value: 0
   38      DW_TAG_variable    [no children]
    DW_AT_name         DW_FORM_strp
    DW_AT_decl_file    DW_FORM_data1
    DW_AT_decl_line    DW_FORM_data1
    DW_AT_type         DW_FORM_ref4
    DW_AT_external     DW_FORM_flag
    DW_AT_location     DW_FORM_block1
    DW_AT value: 0     DW_FORM value: 0
   39      DW_TAG_variable    [no children]
    DW_AT_name         DW_FORM_strp
    DW_AT_decl_file    DW_FORM_data1
    DW_AT_decl_line    DW_FORM_data1
    DW_AT_type         DW_FORM_ref4
    DW_AT_external     DW_FORM_flag
    DW_AT_location     DW_FORM_block1
    DW_AT value: 0     DW_FORM value: 0
   40      DW_TAG_variable    [no children]
    DW_AT_name         DW_FORM_strp
    DW_AT_decl_file    DW_FORM_data1
    DW_AT_decl_line    DW_FORM_data1
    DW_AT_type         DW_FORM_ref4
    DW_AT_external     DW_FORM_flag
    DW_AT_location     DW_FORM_block1
    DW_AT value: 0     DW_FORM value: 0
   41      DW_TAG_variable    [no children]
    DW_AT_name         DW_FORM_strp
    DW_AT_decl_file    DW_FORM_data1
    DW_AT_decl_line    DW_FORM_data1
    DW_AT_type         DW_FORM_ref4
    DW_AT_external     DW_FORM_flag
    DW_AT_location     DW_FORM_block1
    DW_AT value: 0     DW_FORM value: 0
   42      DW_TAG_variable    [no children]
    DW_AT_name         DW_FORM_strp
    DW_AT_decl_file    DW_FORM_data1
    DW_AT_decl_line    DW_FORM_data1
    DW_AT_type         DW_FORM_ref4
    DW_AT_external     DW_FORM_flag
    DW_AT_location     DW_FORM_block1
    DW_AT value: 0     DW_FORM value: 0
   43      DW_TAG_variable    [no children]
    DW_AT_name         DW_FORM_strp
    DW_AT_decl_file    DW_FORM_data1
    DW_AT_decl_line    DW_FORM_data1
    DW_AT_type         DW_FORM_ref4
    DW_AT_external     DW_FORM_flag
    DW_AT_location     DW_FORM_block1
    DW_AT value: 0     DW_FORM value: 0
   44      DW_TAG_variable    [no children]
    DW_AT_name         DW_FORM_strp
    DW_AT_decl_file    DW_FORM_data1
    DW_AT_decl_line    DW_FORM_data1
    DW_AT_type         DW_FORM_ref4
    DW_AT_external     DW_FORM_flag
    DW_AT_location     DW_FORM_block1
    DW_AT value: 0     DW_FORM value: 0
   45      DW_TAG_variable    [no children]
    DW_AT_name         DW_FORM_strp
    DW_AT_decl_file    DW_FORM_data1
    DW_AT_decl_line    DW_FORM_data1
    DW_AT_type         DW_FORM_ref4
    DW_AT_external     DW_FORM_flag
    DW_AT_location     DW_FORM_block1
    DW_AT value: 0     DW_FORM value: 0
   46      DW_TAG_variable    [no children]
    DW_AT_name         DW_FORM_strp
    DW_AT_decl_file    DW_FORM_data1
    DW_AT_decl_line    DW_FORM_data1
    DW_AT_type         DW_FORM_ref4
    DW_AT_external     DW_FORM_flag
    DW_AT_location     DW_FORM_block1
    DW_AT value: 0     DW_FORM value: 0
   47      DW_TAG_variable    [no children]
    DW_AT_name         DW_FORM_strp
    DW_AT_decl_file    DW_FORM_data1
    DW_AT_decl_line    DW_FORM_data1
    DW_AT_type         DW_FORM_ref4
    DW_AT_external     DW_FORM_flag
    DW_AT_location     DW_FORM_block1
    DW_AT value: 0     DW_FORM value: 0
   48      DW_TAG_variable    [no children]
    DW_AT_name         DW_FORM_strp
    DW_AT_decl_file    DW_FORM_data1
    DW_AT_decl_line    DW_FORM_data1
    DW_AT_type         DW_FORM_ref4
    DW_AT_external     DW_FORM_flag
    DW_AT_location     DW_FORM_block1
    DW_AT value: 0     DW_FORM value: 0
   49      DW_TAG_variable    [no children]
    DW_AT_name         DW_FORM_strp
    DW_AT_decl_file    DW_FORM_data1
    DW_AT_decl_line    DW_FORM_data1
    DW_AT_type         DW_FORM_ref4
    DW_AT_external     DW_FORM_flag
    DW_AT_location     DW_FORM_block1
    DW_AT value: 0     DW_FORM value: 0
   50      DW_TAG_variable    [no children]
    DW_AT_name         DW_FORM_strp
    DW_AT_decl_file    DW_FORM_data1
    DW_AT_decl_line    DW_FORM_data1
    DW_AT_type         DW_FORM_ref4
    DW_AT_external     DW_FORM_flag
    DW_AT_location     DW_FORM_block1
    DW_AT value: 0     DW_FORM value: 0
   51      DW_TAG_variable    [no children]
    DW_AT_name         DW_FORM_strp
    DW_AT_decl_file    DW_FORM_data1
    DW_AT_decl_line    DW_FORM_data1
    DW_AT_type         DW_FORM_ref4
    DW_AT_external     DW_FORM_flag
    DW_AT_location     DW_FORM_block1
    DW_AT value: 0     DW_FORM value: 0
   52      DW_TAG_variable    [no children]
    DW_AT_name         DW_FORM_strp
    DW_AT_decl_file    DW_FORM_data1
    DW_AT_decl_line    DW_FORM_data1
    DW_AT_type         DW_FORM_ref4
    DW_AT_external     DW_FORM_flag
    DW_AT_location     DW_FORM_block1
    DW_AT value: 0     DW_FORM value: 0
   53      DW_TAG_variable    [no children]
    DW_AT_name         DW_FORM_strp
    DW_AT_decl_file    DW_FORM_data1
    DW_AT_decl_line    DW_FORM_data1
    DW_AT_type         DW_FORM_ref4
    DW_AT_external     DW_FORM_flag
    DW_AT_location     DW_FORM_block1
    DW_AT value: 0     DW_FORM value: 0
   54      DW_TAG_variable    [no children]
    DW_AT_name         DW_FORM_strp
    DW_AT_decl_file    DW_FORM_data1
    DW_AT_decl_line    DW_FORM_data1
    DW_AT_type         DW_FORM_ref4
    DW_AT_external     DW_FORM_flag
    DW_AT_location     DW_FORM_block1
    DW_AT value: 0     DW_FORM value: 0
   55      DW_TAG_variable    [no children]
    DW_AT_name         DW_FORM_strp
    DW_AT_decl_file    DW_FORM_data1
    DW_AT_decl_line    DW_FORM_data1
    DW_AT_type         DW_FORM_ref4
    DW_AT_external     DW_FORM_flag
    DW_AT_location     DW_FORM_block1
    DW_AT value: 0     DW_FORM value: 0
   56      DW_TAG_variable    [no children]
    DW_AT_name         DW_FORM_strp
    DW_AT_decl_file    DW_FORM_data1
    DW_AT_decl_line    DW_FORM_data1
    DW_AT_type         DW_FORM_ref4
    DW_AT_external     DW_FORM_flag
    DW_AT_location     DW_FORM_block1
    DW_AT value: 0     DW_FORM value: 0
   57      DW_TAG_variable    [no children]
    DW_AT_name         DW_FORM_strp
    DW_AT_decl_file    DW_FORM_data1
    DW_AT_decl_line    DW_FORM_data1
    DW_AT_type         DW_FORM_ref4
    DW_AT_external     DW_FORM_flag
    DW_AT_location     DW_FORM_block1
    DW_AT value: 0     DW_FORM value: 0
   58      DW_TAG_variable    [no children]
    DW_AT_name         DW_FORM_strp
    DW_AT_decl_file    DW_FORM_data1
    DW_AT_decl_line    DW_FORM_data1
    DW_AT_type         DW_FORM_ref4
    DW_AT_external     DW_FORM_flag
    DW_AT_location     DW_FORM_block1
    DW_AT value: 0     DW_FORM value: 0
   59      DW_TAG_variable    [no children]
    DW_AT_name         DW_FORM_strp
    DW_AT_decl_file    DW_FORM_data1
    DW_AT_decl_line    DW_FORM_data1
    DW_AT_type         DW_FORM_ref4
    DW_AT_external     DW_FORM_flag
    DW_AT_location     DW_FORM_block1
    DW_AT value: 0     DW_FORM value: 0
   60      DW_TAG_variable    [no children]
    DW_AT_name         DW_FORM_strp
    DW_AT_decl_file    DW_FORM_data1
    DW_AT_decl_line    DW_FORM_data1
    DW_AT_type         DW_FORM_ref4
    DW_AT_external     DW_FORM_flag
    DW_AT_location     DW_FORM_block1
    DW_AT value: 0     DW_FORM value: 0
   61      DW_TAG_variable    [no children]
    DW_AT_name         DW_FORM_strp
    DW_AT_decl_file    DW_FORM_data1
    DW_AT_decl_line    DW_FORM_data1
    DW_AT_type         DW_FORM_ref4
    DW_AT_external     DW_FORM_flag
    DW_AT_location     DW_FORM_block1
    DW_AT value: 0     DW_FORM value: 0
   62      DW_TAG_variable    [no children]
    DW_AT_name         DW_FORM_strp
    DW_AT_decl_file    DW_FORM_data1
    DW_AT_decl_line    DW_FORM_data1
    DW_AT_type         DW_FORM_ref4
    DW_AT_external     DW_FORM_flag
    DW_AT_location     DW_FORM_block1
    DW_AT value: 0     DW_FORM value: 0
   63      DW_TAG_variable    [no children]
    DW_AT_name         DW_FORM_strp
    DW_AT_decl_file    DW_FORM_data1
    DW_AT_decl_line    DW_FORM_data1
    DW_AT_type         DW_FORM_ref4
    DW_AT_external     DW_FORM_flag
    DW_AT_location     DW_FORM_block1
    DW_AT value: 0     DW_FORM value: 0
   64      DW_TAG_variable    [no children]
    DW_AT_name         DW_FORM_strp
    DW_AT_decl_file    DW_FORM_data1
    DW_AT_decl_line    DW_FORM_data1
    DW_AT_type         DW_FORM_ref4
    DW_AT_external     DW_FORM_flag
    DW_AT_location     DW_FORM_block1
    DW_AT value: 0     DW_FORM value: 0
   65      DW_TAG_variable    [no children]
    DW_AT_name         DW_FORM_strp
    DW_AT_decl_file    DW_FORM_data1
    DW_AT_decl_line    DW_FORM_data1
    DW_AT_type         DW_FORM_ref4
    DW_AT_external     DW_FORM_flag
    DW_AT_location     DW_FORM_block1
    DW_AT value: 0     DW_FORM value: 0
   66      DW_TAG_variable    [no children]
    DW_AT_name         DW_FORM_strp
    DW_AT_decl_file    DW_FORM_data1
    DW_AT_decl_line    DW_FORM_data1
    DW_AT_type         DW_FORM_ref4
    DW_AT_external     DW_FORM_flag
    DW_AT_location     DW_FORM_block1
    DW_AT value: 0     DW_FORM value: 0
   67      DW_TAG_variable    [no children]
    DW_AT_name         DW_FORM_strp
    DW_AT_decl_file    DW_FORM_data1
    DW_AT_decl_line    DW_FORM_data1
    DW_AT_type         DW_FORM_ref4
    DW_AT_external     DW_FORM_flag
    DW_AT_location     DW_FORM_block1
    DW_AT value: 0     DW_FORM value: 0
   68      DW_TAG_variable    [no children]
    DW_AT_name         DW_FORM_strp
    DW_AT_decl_file    DW_FORM_data1
    DW_AT_decl_line    DW_FORM_data1
    DW_AT_type         DW_FORM_ref4
    DW_AT_external     DW_FORM_flag
    DW_AT_location     DW_FORM_block1
    DW_AT value: 0     DW_FORM value: 0
   69      DW_TAG_variable    [no children]
    DW_AT_name         DW_FORM_strp
    DW_AT_decl_file    DW_FORM_data1
    DW_AT_decl_line    DW_FORM_data1
    DW_AT_type         DW_FORM_ref4
    DW_AT_external     DW_FORM_flag
    DW_AT_location     DW_FORM_block1
    DW_AT value: 0     DW_FORM value: 0
   70      DW_TAG_variable    [no children]
    DW_AT_name         DW_FORM_strp
    DW_AT_decl_file    DW_FORM_data1
    DW_AT_decl_line    DW_FORM_data1
    DW_AT_type         DW_FORM_ref4
    DW_AT_external     DW_FORM_flag
    DW_AT_location     DW_FORM_block1
    DW_AT value: 0     DW_FORM value: 0
   71      DW_TAG_variable    [no children]
    DW_AT_name         DW_FORM_strp
    DW_AT_decl_file    DW_FORM_data1
    DW_AT_decl_line    DW_FORM_data1
    DW_AT_type         DW_FORM_ref4
    DW_AT_external     DW_FORM_flag
    DW_AT_location     DW_FORM_block1
    DW_AT value: 0     DW_FORM value: 0
   72      DW_TAG_variable    [no children]
    DW_AT_name         DW_FORM_strp
    DW_AT_decl_file    DW_FORM_data1
    DW_AT_decl_line    DW_FORM_data1
    DW_AT_type         DW_FORM_ref4
    DW_AT_external     DW_FORM_flag
    DW_AT_location     DW_FORM_block1
    DW_AT value: 0     DW_FORM value: 0
   73      DW_TAG_variable    [no children]
    DW_AT_name         DW_FORM_strp
    DW_AT_decl_file    DW_FORM_data1
    DW_AT_decl_line    DW_FORM_data1
    DW_AT_type         DW_FORM_ref4
    DW_AT_external     DW_FORM_flag
    DW_AT_location     DW_FORM_block1
    DW_AT value: 0     DW_FORM value: 0
   74      DW_TAG_variable    [no children]
    DW_AT_name         DW_FORM_strp
    DW_AT_decl_file    DW_FORM_data1
    DW_AT_decl_line    DW_FORM_data1
    DW_AT_type         DW_FORM_ref4
    DW_AT_external     DW_FORM_flag
    DW_AT_location     DW_FORM_block1
    DW_AT value: 0     DW_FORM value: 0
   75      DW_TAG_variable    [no children]
    DW_AT_name         DW_FORM_strp
    DW_AT_decl_file    DW_FORM_data1
    DW_AT_decl_line    DW_FORM_data1
    DW_AT_type         DW_FORM_ref4
    DW_AT_external     DW_FORM_flag
    DW_AT_location     DW_FORM_block1
    DW_AT value: 0     DW_FORM value: 0
   76      DW_TAG_variable    [no children]
    DW_AT_name         DW_FORM_strp
    DW_AT_decl_file    DW_FORM_data1
    DW_AT_decl_line    DW_FORM_data1
    DW_AT_type         DW_FORM_ref4
    DW_AT_external     DW_FORM_flag
    DW_AT_location     DW_FORM_block1
    DW_AT value: 0     DW_FORM value: 0
   77      DW_TAG_variable    [no children]
    DW_AT_name         DW_FORM_strp
    DW_AT_decl_file    DW_FORM_data1
    DW_AT_decl_line    DW_FORM_data1
    DW_AT_type         DW_FORM_ref4
    DW_AT_external     DW_FORM_flag
    DW_AT_location     DW_FORM_block1
    DW_AT value: 0     DW_FORM value: 0
   78      DW_TAG_variable    [no children]
    DW_AT_name         DW_FORM_strp
    DW_AT_decl_file    DW_FORM_data1
    DW_AT_decl_line    DW_FORM_data1
    DW_AT_type         DW_FORM_ref4
    DW_AT_external     DW_FORM_flag
    DW_AT_location     DW_FORM_block1
    DW_AT value: 0     DW_FORM value: 0
   79      DW_TAG_variable    [no children]
    DW_AT_name         DW_FORM_strp
    DW_AT_decl_file    DW_FORM_data1
    DW_AT_decl_line    DW_FORM_data1
    DW_AT_type         DW_FORM_ref4
    DW_AT_external     DW_FORM_flag
    DW_AT_location     DW_FORM_block1
    DW_AT value: 0     DW_FORM value: 0
   80      DW_TAG_variable    [no children]
    DW_AT_name         DW_FORM_strp
    DW_AT_decl_file    DW_FORM_data1
    DW_AT_decl_line    DW_FORM_data1
    DW_AT_type         DW_FORM_ref4
    DW_AT_external     DW_FORM_flag
    DW_AT_location     DW_FORM_block1
    DW_AT value: 0     DW_FORM value: 0
   81      DW_TAG_variable    [no children]
    DW_AT_name         DW_FORM_strp
    DW_AT_decl_file    DW_FORM_data1
    DW_AT_decl_line    DW_FORM_data1
    DW_AT_type         DW_FORM_ref4
    DW_AT_external     DW_FORM_flag
    DW_AT_location     DW_FORM_block1
    DW_AT value: 0     DW_FORM value: 0
   82      DW_TAG_variable    [no children]
    DW_AT_name         DW_FORM_strp
    DW_AT_decl_file    DW_FORM_data1
    DW_AT_decl_line    DW_FORM_data1
    DW_AT_type         DW_FORM_ref4
    DW_AT_external     DW_FORM_flag
    DW_AT_location     DW_FORM_block1
    DW_AT value: 0     DW_FORM value: 0
   83      DW_TAG_variable    [no children]
    DW_AT_name         DW_FORM_strp
    DW_AT_decl_file    DW_FORM_data1
    DW_AT_decl_line    DW_FORM_data1
    DW_AT_type         DW_FORM_ref4
    DW_AT_external     DW_FORM_flag
    DW_AT_location     DW_FORM_block1
    DW_AT value: 0     DW_FORM value: 0
   84      DW_TAG_variable    [no children]
    DW_AT_name         DW_FORM_strp
    DW_AT_decl_file    DW_FORM_data1
    DW_AT_decl_line    DW_FORM_data1
    DW_AT_type         DW_FORM_ref4
    DW_AT_external     DW_FORM_flag
    DW_AT_location     DW_FORM_block1
    DW_AT value: 0     DW_FORM value: 0
   85      DW_TAG_variable    [no children]
    DW_AT_name         DW_FORM_strp
    DW_AT_decl_file    DW_FORM_data1
    DW_AT_decl_line    DW_FORM_data1
    DW_AT_type         DW_FORM_ref4
    DW_AT_external     DW_FORM_flag
    DW_AT_location     DW_FORM_block1
    DW_AT value: 0     DW_FORM value: 0
   86      DW_TAG_variable    [no children]
    DW_AT_name         DW_FORM_strp
    DW_AT_decl_file    DW_FORM_data1
    DW_AT_decl_line    DW_FORM_data1
    DW_AT_type         DW_FORM_ref4
    DW_AT_external     DW_FORM_flag
    DW_AT_location     DW_FORM_block1
    DW_AT value: 0     DW_FORM value: 0
   87      DW_TAG_variable    [no children]
    DW_AT_name         DW_FORM_strp
    DW_AT_decl_file    DW_FORM_data1
    DW_AT_decl_line    DW_FORM_data1
    DW_AT_type         DW_FORM_ref4
    DW_AT_external     DW_FORM_flag
    DW_AT_location     DW_FORM_block1
    DW_AT value: 0     DW_FORM value: 0
  Number TAG (0x5a2)
   1      DW_TAG_compile_unit    [no children]
    DW_AT_stmt_list    DW_FORM_data4
    DW_AT_low_pc       DW_FORM_addr
    DW_AT_high_pc      DW_FORM_addr
    DW_AT_name         DW_FORM_strp
    DW_AT_comp_dir     DW_FORM_strp
    DW_AT_producer     DW_FORM_strp
    DW_AT_language     DW_FORM_data2
    DW_AT value: 0     DW_FORM value: 0
  Number TAG (0x5b6)
   1      DW_TAG_compile_unit    [no children]
    DW_AT_stmt_list    DW_FORM_data4
    DW_AT_low_pc       DW_FORM_addr
    DW_AT_high_pc      DW_FORM_addr
    DW_AT_name         DW_FORM_strp
    DW_AT_comp_dir     DW_FORM_strp
    DW_AT_producer     DW_FORM_strp
    DW_AT_language     DW_FORM_data2
    DW_AT value: 0     DW_FORM value: 0

Raw dump of debug contents of section .debug_line (loaded from main.elf):

  Offset:                      0x0
  Length:                      25
  DWARF Version:               3
  Prologue Length:             19
  Minimum Instruction Length:  2
  Initial value of 'is_stmt':  1
  Line Base:                   -5
  Line Range:                  14
  Opcode Base:                 13

 Opcodes:
  Opcode 1 has 0 args
  Opcode 2 has 1 arg
  Opcode 3 has 1 arg
  Opcode 4 has 1 arg
  Opcode 5 has 1 arg
  Opcode 6 has 0 args
  Opcode 7 has 0 args
  Opcode 8 has 0 args
  Opcode 9 has 1 arg
  Opcode 10 has 0 args
  Opcode 11 has 0 args
  Opcode 12 has 1 arg

 The Directory Table is empty.

 The File Name Table is empty.

 No Line Number Statements.
  Offset:                      0x1d
  Length:                      93
  DWARF Version:               3
  Prologue Length:             64
  Minimum Instruction Length:  2
  Initial value of 'is_stmt':  1
  Line Base:                   -5
  Line Range:                  14
  Opcode Base:                 13

 Opcodes:
  Opcode 1 has 0 args
  Opcode 2 has 1 arg
  Opcode 3 has 1 arg
  Opcode 4 has 1 arg
  Opcode 5 has 1 arg
  Opcode 6 has 0 args
  Opcode 7 has 0 args
  Opcode 8 has 0 args
  Opcode 9 has 1 arg
  Opcode 10 has 0 args
  Opcode 11 has 0 args
  Opcode 12 has 1 arg

 The Directory Table (offset 0x38):
  1	../../../../libgcc/config/avr

 The File Name Table (offset 0x57):
  Entry	Dir	Time	Size	Name
  1	1	0	0	lib1funcs.S

 Line Number Statements:
  [0x00000067]  Extended opcode 2: set Address to 0x188
  [0x0000006e]  Advance Line by 2277 to 2278
  [0x00000071]  Copy
  [0x00000072]  Advance Line by 2 to 2280
  [0x00000074]  Advance PC by fixed size amount 2 to 0x18a
  [0x00000077]  Copy (view 1)
  [0x00000078]  Advance PC by fixed size amount 2 to 0x18c
  [0x0000007b]  Extended opcode 1: End of Sequence


  Offset:                      0x7e
  Length:                      129
  DWARF Version:               3
  Prologue Length:             64
  Minimum Instruction Length:  2
  Initial value of 'is_stmt':  1
  Line Base:                   -5
  Line Range:                  14
  Opcode Base:                 13

 Opcodes:
  Opcode 1 has 0 args
  Opcode 2 has 1 arg
  Opcode 3 has 1 arg
  Opcode 4 has 1 arg
  Opcode 5 has 1 arg
  Opcode 6 has 0 args
  Opcode 7 has 0 args
  Opcode 8 has 0 args
  Opcode 9 has 1 arg
  Opcode 10 has 0 args
  Opcode 11 has 0 args
  Opcode 12 has 1 arg

 The Directory Table (offset 0x99):
  1	../../../../libgcc/config/avr

 The File Name Table (offset 0xb8):
  Entry	Dir	Time	Size	Name
  1	1	0	0	lib1funcs.S

 Line Number Statements:
  [0x000000c8]  Extended opcode 2: set Address to 0x74
  [0x000000cf]  Advance Line by 2440 to 2441
  [0x000000d2]  Copy
  [0x000000d3]  Advance Line by 1 to 2442
  [0x000000d5]  Advance PC by fixed size amount 2 to 0x76
  [0x000000d8]  Copy (view 1)
  [0x000000d9]  Advance Line by 1 to 2443
  [0x000000db]  Advance PC by fixed size amount 2 to 0x78
  [0x000000de]  Copy (view 2)
  [0x000000df]  Advance Line by 1 to 2444
  [0x000000e1]  Advance PC by fixed size amount 2 to 0x7a
  [0x000000e4]  Copy (view 3)
  [0x000000e5]  Advance Line by 2 to 2446
  [0x000000e7]  Advance PC by fixed size amount 2 to 0x7c
  [0x000000ea]  Copy (view 4)
  [0x000000eb]  Advance Line by 2 to 2448
  [0x000000ed]  Advance PC by fixed size amount 2 to 0x7e
  [0x000000f0]  Copy (view 5)
  [0x000000f1]  Advance Line by 1 to 2449
  [0x000000f3]  Advance PC by fixed size amount 2 to 0x80
  [0x000000f6]  Copy (view 6)
  [0x000000f7]  Advance Line by 1 to 2450
  [0x000000f9]  Advance PC by fixed size amount 2 to 0x82
  [0x000000fc]  Copy (view 7)
  [0x000000fd]  Advance PC by fixed size amount 2 to 0x84
  [0x00000100]  Extended opcode 1: End of Sequence


Contents of the .debug_str section (loaded from main.elf):

  0x00000000 6176722d 6c696263 20322e30 2e300075 avr-libc 2.0.0.u
  0x00000010 696e7438 5f740075 696e7431 365f7400 int8_t.uint16_t.
  0x00000020 5f5f6565 70726f6d 00554452 30005543 __eeprom.UDR0.UC
  0x00000030 53523041 00554353 52304200 55435352 SR0A.UCSR0B.UCSR
  0x00000040 30430055 42525230 00545741 4d520054 0C.UBRR0.TWAMR.T
  0x00000050 57425200 54574352 00545753 52005457 WBR.TWCR.TWSR.TW
  0x00000060 44520054 57415200 54494d53 4b310054 DR.TWAR.TIMSK1.T
  0x00000070 49465231 00544343 52314100 54434352 IFR1.TCCR1A.TCCR
  0x00000080 31420054 43435231 43005443 4e543100 1B.TCCR1C.TCNT1.
  0x00000090 4f435231 41004f43 52314200 49435231 OCR1A.OCR1B.ICR1
  0x000000a0 00475443 43520054 494d534b 32005449 .GTCCR.TIMSK2.TI
  0x000000b0 46523200 54434352 32410054 43435232 FR2.TCCR2A.TCCR2
  0x000000c0 42005443 4e543200 4f435232 42004f43 B.TCNT2.OCR2B.OC
  0x000000d0 52324100 41535352 00475443 43520041 R2A.ASSR.GTCCR.A
  0x000000e0 444d5558 00414443 00414443 53524100 DMUX.ADC.ADCSRA.
  0x000000f0 41444353 52420044 49445230 00414353 ADCSRB.DIDR0.ACS
  0x00000100 52004449 44523100 504f5254 42004444 R.DIDR1.PORTB.DD
  0x00000110 52420050 494e4200 504f5254 43004444 RB.PINB.PORTC.DD
  0x00000120 52430050 494e4300 504f5254 44004444 RC.PINC.PORTD.DD
  0x00000130 52440050 494e4400 4f435230 42004f43 RD.PIND.OCR0B.OC
  0x00000140 52304100 54434e54 30005443 43523042 R0A.TCNT0.TCCR0B
  0x00000150 00544343 52304100 54494d53 4b300054 .TCCR0A.TIMSK0.T
  0x00000160 49465230 00475443 43520045 49435241 IFR0.GTCCR.EICRA
  0x00000170 0045494d 534b0045 49465200 50434943 .EIMSK.EIFR.PCIC
  0x00000180 52005043 4d534b32 0050434d 534b3100 R.PCMSK2.PCMSK1.
  0x00000190 50434d53 4b300050 43494652 00535044 PCMSK0.PCIFR.SPD
  0x000001a0 52005350 53520053 50435200 57445443 R.SPSR.SPCR.WDTC
  0x000001b0 53520050 5252004f 53434341 4c00434c SR.PRR.OSCCAL.CL
  0x000001c0 4b505200 53524547 00535000 53504d43 KPR.SREG.SP.SPMC
  0x000001d0 5352004d 43554352 004d4355 53520053 SR.MCUCR.MCUSR.S
  0x000001e0 4d435200 4750494f 52320047 50494f52 MCR.GPIOR2.GPIOR
  0x000001f0 31004750 494f5230 00454541 52004545 1.GPIOR0.EEAR.EE
  0x00000200 44520045 45435200 2e2e2f2e 2e2f2e2e DR.EECR.../../..
  0x00000210 2f2e2e2f 6c696267 63632f63 6f6e6669 /../libgcc/confi
  0x00000220 672f6176 722f6c69 62316675 6e63732e g/avr/lib1funcs.
  0x00000230 53002f70 72697661 74652f74 6d702f61 S./private/tmp/a
  0x00000240 76722d67 63634139 2d323032 32303131 vr-gccA9-2022011
  0x00000250 322d3931 3131312d 316a7961 6470632f 2-91111-1jyadpc/
  0x00000260 6763632d 392e332e 302f6275 696c642f gcc-9.3.0/build/
  0x00000270 6176722f 61767235 2f6c6962 67636300 avr/avr5/libgcc.
  0x00000280 474e5520 41532032 2e33362e 3100     GNU AS 2.36.1.

